2020-04-07 14:58:52.655 [error] <0.195.0>@client:handle_info:50 gen_server client terminated with reason: no match of right hand value {error,econnrefused} in client:handle_info/2 line 50
2020-04-07 14:58:52.655 [error] <0.195.0>@client:handle_info:50 CRASH REPORT Process client with 2 neighbours crashed with reason: no match of right hand value {error,econnrefused} in client:handle_info/2 line 50
2020-04-07 15:02:55.865 [error] <0.111.0> Lager event handler error_logger_lager_h exited with reason {'EXIT',{{case_clause,[etcp_listener,{undefined,undefined},exit,badarg,undefined,[{inet_tcp,listen,2,[{file,"inet_tcp.erl"},{line,142}]},{etcp_listener,init,1,[{file,"h:/erl_ws/etcp/_build/default/lib/etcp/src/etcp_listener.erl"},{line,53}]},{gen_statem,init_it,6,[{file,"gen_statem.erl"},{line,697}]},{proc_lib,init_p_do_apply,3,[{file,"proc_lib.erl"},{line,249}]}]]},[{error_logger_lager_h,log_event,2,[{file,"h:/erl_ws/etcp/_build/default/lib/lager/src/error_logger_lager_h.erl"},{line,205}]},...]}}
2020-04-07 15:06:32.913 [error] <0.111.0> Lager event handler error_logger_lager_h exited with reason {'EXIT',{{case_clause,[etcp_listener,{undefined,undefined},exit,badarg,undefined,[{inet_tcp,listen,2,[{file,"inet_tcp.erl"},{line,142}]},{etcp_listener,init,1,[{file,"h:/erl_ws/etcp/_build/default/lib/etcp/src/etcp_listener.erl"},{line,53}]},{gen_statem,init_it,6,[{file,"gen_statem.erl"},{line,697}]},{proc_lib,init_p_do_apply,3,[{file,"proc_lib.erl"},{line,249}]}]]},[{error_logger_lager_h,log_event,2,[{file,"h:/erl_ws/etcp/_build/default/lib/lager/src/error_logger_lager_h.erl"},{line,205}]},...]}}
2020-04-07 15:08:19.688 [error] <0.111.0> Lager event handler error_logger_lager_h exited with reason {'EXIT',{{case_clause,[etcp_listener,{undefined,undefined},exit,badarg,undefined,[{inet_tcp,listen,2,[{file,"inet_tcp.erl"},{line,142}]},{etcp_listener,init,1,[{file,"h:/erl_ws/etcp/_build/default/lib/etcp/src/etcp_listener.erl"},{line,53}]},{gen_statem,init_it,6,[{file,"gen_statem.erl"},{line,697}]},{proc_lib,init_p_do_apply,3,[{file,"proc_lib.erl"},{line,249}]}]]},[{error_logger_lager_h,log_event,2,[{file,"h:/erl_ws/etcp/_build/default/lib/lager/src/error_logger_lager_h.erl"},{line,205}]},...]}}
2020-04-07 15:12:42.713 [error] <0.111.0> Lager event handler error_logger_lager_h exited with reason {'EXIT',{{case_clause,[etcp_listener,{undefined,undefined},error,{'module could not be loaded',utils},undefined,[{etcp_listener,init,1,[{file,"h:/erl_ws/etcp/_build/default/lib/etcp/src/etcp_listener.erl"},{line,53}]},{gen_statem,init_it,6,[{file,"gen_statem.erl"},{line,697}]},{proc_lib,init_p_do_apply,3,[{file,"proc_lib.erl"},{line,249}]}]]},[{error_logger_lager_h,log_event,2,[{file,"h:/erl_ws/etcp/_build/default/lib/lager/src/error_logger_lager_h.erl"},{line,205}]},{gen_event,server_update,...},...]}}
2020-04-07 15:13:46.363 [error] <0.111.0> Lager event handler error_logger_lager_h exited with reason {'EXIT',{{case_clause,[etcp_listener,{undefined,undefined},error,{'module could not be loaded',utils},undefined,[{etcp_listener,init,1,[{file,"h:/erl_ws/etcp/_build/default/lib/etcp/src/etcp_listener.erl"},{line,53}]},{gen_statem,init_it,6,[{file,"gen_statem.erl"},{line,697}]},{proc_lib,init_p_do_apply,3,[{file,"proc_lib.erl"},{line,249}]}]]},[{error_logger_lager_h,log_event,2,[{file,"h:/erl_ws/etcp/_build/default/lib/lager/src/error_logger_lager_h.erl"},{line,205}]},{gen_event,server_update,...},...]}}
2020-04-07 15:24:54.950 [error] <0.119.0>@player_sup:start_link:34 <0.119.0> 1111111
2020-04-07 15:24:54.952 [info] <0.124.0>@etcp_listener:start_link:47 etcp_sup 1111111111111111111111111111111111
2020-04-07 15:24:54.952 [info] <0.145.0>@etcp_listener:init:54 etcp_listener Port:8111
111:[{active,false},{acceptors,2},{max_connections,100000},{max_conn_rate,10}]
2020-04-07 15:24:54.952 [error] <0.111.0> Lager event handler error_logger_lager_h exited with reason {'EXIT',{{case_clause,[etcp_listener,{undefined,undefined},exit,badarg,undefined,[{inet_tcp,listen,2,[{file,"inet_tcp.erl"},{line,142}]},{etcp_listener,init,1,[{file,"h:/erl_ws/etcp/_build/default/lib/etcp/src/etcp_listener.erl"},{line,55}]},{gen_statem,init_it,6,[{file,"gen_statem.erl"},{line,697}]},{proc_lib,init_p_do_apply,3,[{file,"proc_lib.erl"},{line,249}]}]]},[{error_logger_lager_h,log_event,2,[{file,"h:/erl_ws/etcp/_build/default/lib/lager/src/error_logger_lager_h.erl"},{line,205}]},...]}}
2020-04-07 15:29:55.376 [error] <0.111.0> Lager event handler error_logger_lager_h exited with reason {'EXIT',{{case_clause,[etcp_listener,{undefined,undefined},exit,badarg,undefined,[{inet_tcp,listen,2,[{file,"inet_tcp.erl"},{line,142}]},{etcp_listener,init,1,[{file,"h:/erl_ws/etcp/_build/default/lib/etcp/src/etcp_listener.erl"},{line,53}]},{gen_statem,init_it,6,[{file,"gen_statem.erl"},{line,697}]},{proc_lib,init_p_do_apply,3,[{file,"proc_lib.erl"},{line,249}]}]]},[{error_logger_lager_h,log_event,2,[{file,"h:/erl_ws/etcp/_build/default/lib/lager/src/error_logger_lager_h.erl"},{line,205}]},...]}}
2020-04-07 15:31:44.638 [error] <0.145.0>@etcp_listener:accepting:107 gen_statem etcp_listener in state accepting terminated with reason: no case clause matching <0.157.0> in etcp_listener:accepting/3 line 107
2020-04-07 15:31:44.638 [error] <0.145.0>@etcp_listener:accepting:107 CRASH REPORT Process etcp_listener with 0 neighbours crashed with reason: no case clause matching <0.157.0> in etcp_listener:accepting/3 line 107
2020-04-07 15:31:44.638 [error] <0.124.0>@etcp_listener:accepting:107 Supervisor etcp_sup had child {listener_sup,{player,8111}} started with etcp_listener:start_link({8111,[binary,{packet,raw}],player_sup,player,#Fun<etcp.1.5024299>}) at <0.145.0> exit with reason no case clause matching <0.157.0> in etcp_listener:accepting/3 line 107 in context child_terminated
2020-04-07 15:39:39.507 [info] <0.150.0>@player:init:41 player init player
2020-04-07 16:07:00.543 [info] <0.123.0>@etcp_sup:start_link:28 <0.123.0> etcp start
2020-04-07 16:08:54.166 [info] <0.151.0>@player:init:41 player init player
2020-04-07 16:40:29.146 [info] <0.123.0>@etcp_sup:start_link:28 <0.123.0> etcp start
2020-04-07 16:40:43.896 [info] <0.151.0>@player:init:41 player init player
2020-04-07 16:47:37.524 [info] <0.123.0>@etcp_sup:start_link:28 <0.123.0> etcp start
2020-04-07 16:47:55.323 [info] <0.151.0>@player:init:41 player init player
2020-04-07 16:47:59.022 [info] <0.151.0>@player:handle_info:53 player Data from "127.0.0.1:64086": <<"22222">>
2020-04-07 16:48:08.381 [info] <0.151.0>@player:handle_info:53 player Data from "127.0.0.1:64086": <<"22222">>
